# JRE version: Java(TM) SE Runtime Environment (17.0.10+11) (build 17.0.10+11-LTS-240)
# Java VM: Java HotSpot(TM) 64-Bit Server VM (17.0.10+11-LTS-240, mixed mode, emulated-client, sharing, tiered, compressed oops, compressed class ptrs, g1 gc, windows-amd64)
GC Precious Log:
 CPUs: 4 total, 4 available
 Memory: 3551M
 Large Page Support: Disabled
 NUMA Support: Disabled
 Compressed Oops: Enabled (32-bit)
 Heap Region Size: 1M
 Heap Min Capacity: 8M
 Heap Initial Capacity: 56M
 Heap Max Capacity: 888M
 Pre-touch: Disabled
 Parallel Workers: 4
 Concurrent Workers: 1
 Concurrent Refinement Workers: 4
 Periodic GC: Disabled
Heap:
 garbage-first heap   total 51200K, used 29764K [0x00000000c8800000, 0x0000000100000000)
  region size 1024K, 14 young (14336K), 2 survivors (2048K)
 Metaspace       used 38415K, committed 38848K, reserved 1114112K
  class space    used 5352K, committed 5568K, reserved 1048576K
GC Heap History (20 events):
Event: 2.817 GC heap before
{Heap before GC invocations=0 (full 0):
 garbage-first heap   total 57344K, used 13312K [0x00000000c8800000, 0x0000000100000000)
  region size 1024K, 13 young (13312K), 0 survivors (0K)
 Metaspace       used 5372K, committed 5632K, reserved 1114112K
  class space    used 647K, committed 768K, reserved 1048576K
}
Event: 2.834 GC heap after
{Heap after GC invocations=1 (full 0):
 garbage-first heap   total 57344K, used 6512K [0x00000000c8800000, 0x0000000100000000)
  region size 1024K, 2 young (2048K), 2 survivors (2048K)
 Metaspace       used 5372K, committed 5632K, reserved 1114112K
  class space    used 647K, committed 768K, reserved 1048576K
}
Event: 3.526 GC heap before
{Heap before GC invocations=1 (full 0):
 garbage-first heap   total 57344K, used 14704K [0x00000000c8800000, 0x0000000100000000)
  region size 1024K, 10 young (10240K), 2 survivors (2048K)
 Metaspace       used 7554K, committed 7744K, reserved 1114112K
  class space    used 979K, committed 1088K, reserved 1048576K
}
Event: 3.539 GC heap after
{Heap after GC invocations=2 (full 0):
 garbage-first heap   total 57344K, used 7707K [0x00000000c8800000, 0x0000000100000000)
  region size 1024K, 2 young (2048K), 2 survivors (2048K)
 Metaspace       used 7554K, committed 7744K, reserved 1114112K
  class space    used 979K, committed 1088K, reserved 1048576K
}
Event: 4.810 GC heap before
{Heap before GC invocations=2 (full 0):
 garbage-first heap   total 57344K, used 23067K [0x00000000c8800000, 0x0000000100000000)
  region size 1024K, 18 young (18432K), 2 survivors (2048K)
 Metaspace       used 10356K, committed 10624K, reserved 1114112K
  class space    used 1414K, committed 1536K, reserved 1048576K
}
Event: 4.816 GC heap after
{Heap after GC invocations=3 (full 0):
 garbage-first heap   total 57344K, used 8898K [0x00000000c8800000, 0x0000000100000000)
  region size 1024K, 3 young (3072K), 3 survivors (3072K)
 Metaspace       used 10356K, committed 10624K, reserved 1114112K
  class space    used 1414K, committed 1536K, reserved 1048576K
}
Event: 5.796 GC heap before
{Heap before GC invocations=3 (full 0):
 garbage-first heap   total 57344K, used 36546K [0x00000000c8800000, 0x0000000100000000)
  region size 1024K, 31 young (31744K), 3 survivors (3072K)
 Metaspace       used 17130K, committed 17408K, reserved 1114112K
  class space    used 2286K, committed 2432K, reserved 1048576K
}
Event: 5.806 GC heap after
{Heap after GC invocations=4 (full 0):
 garbage-first heap   total 57344K, used 10540K [0x00000000c8800000, 0x0000000100000000)
  region size 1024K, 3 young (3072K), 3 survivors (3072K)
 Metaspace       used 17130K, committed 17408K, reserved 1114112K
  class space    used 2286K, committed 2432K, reserved 1048576K
}
Event: 7.437 GC heap before
{Heap before GC invocations=4 (full 0):
 garbage-first heap   total 57344K, used 38188K [0x00000000c8800000, 0x0000000100000000)
  region size 1024K, 30 young (30720K), 3 survivors (3072K)
 Metaspace       used 19763K, committed 20096K, reserved 1114112K
  class space    used 2666K, committed 2816K, reserved 1048576K
}
Event: 7.447 GC heap after
{Heap after GC invocations=5 (full 0):
 garbage-first heap   total 57344K, used 12520K [0x00000000c8800000, 0x0000000100000000)
  region size 1024K, 4 young (4096K), 4 survivors (4096K)
 Metaspace       used 19763K, committed 20096K, reserved 1114112K
  class space    used 2666K, committed 2816K, reserved 1048576K
}
Event: 8.203 GC heap before
{Heap before GC invocations=5 (full 0):
 garbage-first heap   total 57344K, used 22760K [0x00000000c8800000, 0x0000000100000000)
  region size 1024K, 15 young (15360K), 4 survivors (4096K)
 Metaspace       used 21237K, committed 21504K, reserved 1114112K
  class space    used 2887K, committed 3008K, reserved 1048576K
}
Event: 8.214 GC heap after
{Heap after GC invocations=6 (full 0):
 garbage-first heap   total 57344K, used 13183K [0x00000000c8800000, 0x0000000100000000)
  region size 1024K, 3 young (3072K), 3 survivors (3072K)
 Metaspace       used 21237K, committed 21504K, reserved 1114112K
  class space    used 2887K, committed 3008K, reserved 1048576K
}
Event: 10.239 GC heap before
{Heap before GC invocations=7 (full 0):
 garbage-first heap   total 51200K, used 39807K [0x00000000c8800000, 0x0000000100000000)
  region size 1024K, 30 young (30720K), 3 survivors (3072K)
 Metaspace       used 25890K, committed 26304K, reserved 1114112K
  class space    used 3598K, committed 3776K, reserved 1048576K
}
Event: 10.255 GC heap after
{Heap after GC invocations=8 (full 0):
 garbage-first heap   total 51200K, used 16532K [0x00000000c8800000, 0x0000000100000000)
  region size 1024K, 4 young (4096K), 4 survivors (4096K)
 Metaspace       used 25890K, committed 26304K, reserved 1114112K
  class space    used 3598K, committed 3776K, reserved 1048576K
}
Event: 11.738 GC heap before
{Heap before GC invocations=8 (full 0):
 garbage-first heap   total 51200K, used 37012K [0x00000000c8800000, 0x0000000100000000)
  region size 1024K, 24 young (24576K), 4 survivors (4096K)
 Metaspace       used 28888K, committed 29312K, reserved 1114112K
  class space    used 3985K, committed 4160K, reserved 1048576K
}
Event: 11.754 GC heap after
{Heap after GC invocations=9 (full 0):
 garbage-first heap   total 51200K, used 18054K [0x00000000c8800000, 0x0000000100000000)
  region size 1024K, 2 young (2048K), 2 survivors (2048K)
 Metaspace       used 28888K, committed 29312K, reserved 1114112K
  class space    used 3985K, committed 4160K, reserved 1048576K
}
Event: 13.496 GC heap before
{Heap before GC invocations=9 (full 0):
 garbage-first heap   total 51200K, used 37510K [0x00000000c8800000, 0x0000000100000000)
  region size 1024K, 21 young (21504K), 2 survivors (2048K)
 Metaspace       used 33243K, committed 33664K, reserved 1114112K
  class space    used 4690K, committed 4864K, reserved 1048576K
}
Event: 13.505 GC heap after
{Heap after GC invocations=10 (full 0):
 garbage-first heap   total 51200K, used 18822K [0x00000000c8800000, 0x0000000100000000)
  region size 1024K, 3 young (3072K), 3 survivors (3072K)
 Metaspace       used 33243K, committed 33664K, reserved 1114112K
  class space    used 4690K, committed 4864K, reserved 1048576K
}
Event: 14.228 GC heap before
{Heap before GC invocations=10 (full 0):
 garbage-first heap   total 51200K, used 25990K [0x00000000c8800000, 0x0000000100000000)
  region size 1024K, 11 young (11264K), 3 survivors (3072K)
 Metaspace       used 35505K, committed 35968K, reserved 1114112K
  class space    used 4935K, committed 5184K, reserved 1048576K
}
Event: 14.237 GC heap after
{Heap after GC invocations=11 (full 0):
 garbage-first heap   total 51200K, used 19524K [0x00000000c8800000, 0x0000000100000000)
  region size 1024K, 2 young (2048K), 2 survivors (2048K)
 Metaspace       used 35505K, committed 35968K, reserved 1114112K
  class space    used 4935K, committed 5184K, reserved 1048576K
}

