# JRE version: Java(TM) SE Runtime Environment (17.0.10+11) (build 17.0.10+11-LTS-240)
# Java VM: Java HotSpot(TM) 64-Bit Server VM (17.0.10+11-LTS-240, mixed mode, emulated-client, sharing, tiered, compressed oops, compressed class ptrs, g1 gc, windows-amd64)
GC Precious Log:
 CPUs: 4 total, 4 available
 Memory: 3551M
 Large Page Support: Disabled
 NUMA Support: Disabled
 Compressed Oops: Enabled (32-bit)
 Heap Region Size: 1M
 Heap Min Capacity: 8M
 Heap Initial Capacity: 56M
 Heap Max Capacity: 888M
 Pre-touch: Disabled
 Parallel Workers: 4
 Concurrent Workers: 1
 Concurrent Refinement Workers: 4
 Periodic GC: Disabled
Heap:
 garbage-first heap   total 48128K, used 26261K [0x00000000c8800000, 0x0000000100000000)
  region size 1024K, 11 young (11264K), 1 survivors (1024K)
 Metaspace       used 35216K, committed 35648K, reserved 1114112K
  class space    used 4897K, committed 5120K, reserved 1048576K
GC Heap History (20 events):
Event: 17.796 GC heap before
{Heap before GC invocations=0 (full 0):
 garbage-first heap   total 57344K, used 14336K [0x00000000c8800000, 0x0000000100000000)
  region size 1024K, 13 young (13312K), 0 survivors (0K)
 Metaspace       used 5189K, committed 5376K, reserved 1114112K
  class space    used 636K, committed 704K, reserved 1048576K
}
Event: 17.813 GC heap after
{Heap after GC invocations=1 (full 0):
 garbage-first heap   total 57344K, used 6357K [0x00000000c8800000, 0x0000000100000000)
  region size 1024K, 2 young (2048K), 2 survivors (2048K)
 Metaspace       used 5189K, committed 5376K, reserved 1114112K
  class space    used 636K, committed 704K, reserved 1048576K
}
Event: 18.574 GC heap before
{Heap before GC invocations=1 (full 0):
 garbage-first heap   total 57344K, used 14549K [0x00000000c8800000, 0x0000000100000000)
  region size 1024K, 10 young (10240K), 2 survivors (2048K)
 Metaspace       used 7356K, committed 7616K, reserved 1114112K
  class space    used 957K, committed 1088K, reserved 1048576K
}
Event: 18.583 GC heap after
{Heap after GC invocations=2 (full 0):
 garbage-first heap   total 57344K, used 7599K [0x00000000c8800000, 0x0000000100000000)
  region size 1024K, 2 young (2048K), 2 survivors (2048K)
 Metaspace       used 7356K, committed 7616K, reserved 1114112K
  class space    used 957K, committed 1088K, reserved 1048576K
}
Event: 20.651 GC heap before
{Heap before GC invocations=2 (full 0):
 garbage-first heap   total 57344K, used 23983K [0x00000000c8800000, 0x0000000100000000)
  region size 1024K, 19 young (19456K), 2 survivors (2048K)
 Metaspace       used 10490K, committed 10816K, reserved 1114112K
  class space    used 1425K, committed 1600K, reserved 1048576K
}
Event: 20.659 GC heap after
{Heap after GC invocations=3 (full 0):
 garbage-first heap   total 57344K, used 8780K [0x00000000c8800000, 0x0000000100000000)
  region size 1024K, 3 young (3072K), 3 survivors (3072K)
 Metaspace       used 10490K, committed 10816K, reserved 1114112K
  class space    used 1425K, committed 1600K, reserved 1048576K
}
Event: 21.782 GC heap before
{Heap before GC invocations=3 (full 0):
 garbage-first heap   total 57344K, used 35404K [0x00000000c8800000, 0x0000000100000000)
  region size 1024K, 30 young (30720K), 3 survivors (3072K)
 Metaspace       used 16956K, committed 17216K, reserved 1114112K
  class space    used 2257K, committed 2368K, reserved 1048576K
}
Event: 21.793 GC heap after
{Heap after GC invocations=4 (full 0):
 garbage-first heap   total 57344K, used 10321K [0x00000000c8800000, 0x0000000100000000)
  region size 1024K, 3 young (3072K), 3 survivors (3072K)
 Metaspace       used 16956K, committed 17216K, reserved 1114112K
  class space    used 2257K, committed 2368K, reserved 1048576K
}
Event: 24.164 GC heap before
{Heap before GC invocations=4 (full 0):
 garbage-first heap   total 57344K, used 37969K [0x00000000c8800000, 0x0000000100000000)
  region size 1024K, 31 young (31744K), 3 survivors (3072K)
 Metaspace       used 19853K, committed 20160K, reserved 1114112K
  class space    used 2677K, committed 2816K, reserved 1048576K
}
Event: 24.183 GC heap after
{Heap after GC invocations=5 (full 0):
 garbage-first heap   total 57344K, used 12283K [0x00000000c8800000, 0x0000000100000000)
  region size 1024K, 4 young (4096K), 4 survivors (4096K)
 Metaspace       used 19853K, committed 20160K, reserved 1114112K
  class space    used 2677K, committed 2816K, reserved 1048576K
}
Event: 25.340 GC heap before
{Heap before GC invocations=5 (full 0):
 garbage-first heap   total 57344K, used 22523K [0x00000000c8800000, 0x0000000100000000)
  region size 1024K, 15 young (15360K), 4 survivors (4096K)
 Metaspace       used 21224K, committed 21504K, reserved 1114112K
  class space    used 2891K, committed 3008K, reserved 1048576K
}
Event: 25.351 GC heap after
{Heap after GC invocations=6 (full 0):
 garbage-first heap   total 57344K, used 13017K [0x00000000c8800000, 0x0000000100000000)
  region size 1024K, 3 young (3072K), 3 survivors (3072K)
 Metaspace       used 21224K, committed 21504K, reserved 1114112K
  class space    used 2891K, committed 3008K, reserved 1048576K
}
Event: 27.333 GC heap before
{Heap before GC invocations=7 (full 0):
 garbage-first heap   total 48128K, used 38617K [0x00000000c8800000, 0x0000000100000000)
  region size 1024K, 28 young (28672K), 3 survivors (3072K)
 Metaspace       used 25445K, committed 25920K, reserved 1114112K
  class space    used 3547K, committed 3776K, reserved 1048576K
}
Event: 27.346 GC heap after
{Heap after GC invocations=8 (full 0):
 garbage-first heap   total 48128K, used 15780K [0x00000000c8800000, 0x0000000100000000)
  region size 1024K, 4 young (4096K), 4 survivors (4096K)
 Metaspace       used 25445K, committed 25920K, reserved 1114112K
  class space    used 3547K, committed 3776K, reserved 1048576K
}
Event: 27.424 GC heap before
{Heap before GC invocations=8 (full 0):
 garbage-first heap   total 48128K, used 16804K [0x00000000c8800000, 0x0000000100000000)
  region size 1024K, 5 young (5120K), 4 survivors (4096K)
 Metaspace       used 25732K, committed 26176K, reserved 1114112K
  class space    used 3577K, committed 3776K, reserved 1048576K
}
Event: 27.436 GC heap after
{Heap after GC invocations=9 (full 0):
 garbage-first heap   total 48128K, used 15991K [0x00000000c8800000, 0x0000000100000000)
  region size 1024K, 1 young (1024K), 1 survivors (1024K)
 Metaspace       used 25732K, committed 26176K, reserved 1114112K
  class space    used 3577K, committed 3776K, reserved 1048576K
}
Event: 28.712 GC heap before
{Heap before GC invocations=9 (full 0):
 garbage-first heap   total 48128K, used 35447K [0x00000000c8800000, 0x0000000100000000)
  region size 1024K, 20 young (20480K), 1 survivors (1024K)
 Metaspace       used 28480K, committed 28928K, reserved 1114112K
  class space    used 3930K, committed 4160K, reserved 1048576K
}
Event: 28.719 GC heap after
{Heap after GC invocations=10 (full 0):
 garbage-first heap   total 48128K, used 17171K [0x00000000c8800000, 0x0000000100000000)
  region size 1024K, 2 young (2048K), 2 survivors (2048K)
 Metaspace       used 28480K, committed 28928K, reserved 1114112K
  class space    used 3930K, committed 4160K, reserved 1048576K
}
Event: 30.687 GC heap before
{Heap before GC invocations=10 (full 0):
 garbage-first heap   total 48128K, used 34579K [0x00000000c8800000, 0x0000000100000000)
  region size 1024K, 20 young (20480K), 2 survivors (2048K)
 Metaspace       used 32620K, committed 33152K, reserved 1114112K
  class space    used 4587K, committed 4864K, reserved 1048576K
}
Event: 30.693 GC heap after
{Heap after GC invocations=11 (full 0):
 garbage-first heap   total 48128K, used 18069K [0x00000000c8800000, 0x0000000100000000)
  region size 1024K, 1 young (1024K), 1 survivors (1024K)
 Metaspace       used 32620K, committed 33152K, reserved 1114112K
  class space    used 4587K, committed 4864K, reserved 1048576K
}

