# JRE version: Java(TM) SE Runtime Environment (17.0.10+11) (build 17.0.10+11-LTS-240)
# Java VM: Java HotSpot(TM) 64-Bit Server VM (17.0.10+11-LTS-240, mixed mode, emulated-client, sharing, tiered, compressed oops, compressed class ptrs, g1 gc, windows-amd64)
GC Precious Log:
 CPUs: 4 total, 4 available
 Memory: 3551M
 Large Page Support: Disabled
 NUMA Support: Disabled
 Compressed Oops: Enabled (32-bit)
 Heap Region Size: 1M
 Heap Min Capacity: 8M
 Heap Initial Capacity: 56M
 Heap Max Capacity: 888M
 Pre-touch: Disabled
 Parallel Workers: 4
 Concurrent Workers: 1
 Concurrent Refinement Workers: 4
 Periodic GC: Disabled
Heap:
 garbage-first heap   total 57344K, used 16714K [0x00000000c8800000, 0x0000000100000000)
  region size 1024K, 9 young (9216K), 4 survivors (4096K)
 Metaspace       used 20547K, committed 20864K, reserved 1114112K
  class space    used 2783K, committed 2944K, reserved 1048576K
GC Heap History (10 events):
Event: 6.207 GC heap before
{Heap before GC invocations=0 (full 0):
 garbage-first heap   total 57344K, used 14336K [0x00000000c8800000, 0x0000000100000000)
  region size 1024K, 13 young (13312K), 0 survivors (0K)
 Metaspace       used 5377K, committed 5632K, reserved 1114112K
  class space    used 648K, committed 768K, reserved 1048576K
}
Event: 6.228 GC heap after
{Heap after GC invocations=1 (full 0):
 garbage-first heap   total 57344K, used 6416K [0x00000000c8800000, 0x0000000100000000)
  region size 1024K, 2 young (2048K), 2 survivors (2048K)
 Metaspace       used 5377K, committed 5632K, reserved 1114112K
  class space    used 648K, committed 768K, reserved 1048576K
}
Event: 6.968 GC heap before
{Heap before GC invocations=1 (full 0):
 garbage-first heap   total 57344K, used 14608K [0x00000000c8800000, 0x0000000100000000)
  region size 1024K, 10 young (10240K), 2 survivors (2048K)
 Metaspace       used 7554K, committed 7744K, reserved 1114112K
  class space    used 979K, committed 1088K, reserved 1048576K
}
Event: 6.980 GC heap after
{Heap after GC invocations=2 (full 0):
 garbage-first heap   total 57344K, used 7861K [0x00000000c8800000, 0x0000000100000000)
  region size 1024K, 2 young (2048K), 2 survivors (2048K)
 Metaspace       used 7554K, committed 7744K, reserved 1114112K
  class space    used 979K, committed 1088K, reserved 1048576K
}
Event: 9.173 GC heap before
{Heap before GC invocations=2 (full 0):
 garbage-first heap   total 57344K, used 25269K [0x00000000c8800000, 0x0000000100000000)
  region size 1024K, 19 young (19456K), 2 survivors (2048K)
 Metaspace       used 10607K, committed 10944K, reserved 1114112K
  class space    used 1445K, committed 1600K, reserved 1048576K
}
Event: 9.181 GC heap after
{Heap after GC invocations=3 (full 0):
 garbage-first heap   total 57344K, used 9040K [0x00000000c8800000, 0x0000000100000000)
  region size 1024K, 3 young (3072K), 3 survivors (3072K)
 Metaspace       used 10607K, committed 10944K, reserved 1114112K
  class space    used 1445K, committed 1600K, reserved 1048576K
}
Event: 10.477 GC heap before
{Heap before GC invocations=3 (full 0):
 garbage-first heap   total 57344K, used 36688K [0x00000000c8800000, 0x0000000100000000)
  region size 1024K, 31 young (31744K), 3 survivors (3072K)
 Metaspace       used 17328K, committed 17600K, reserved 1114112K
  class space    used 2318K, committed 2432K, reserved 1048576K
}
Event: 10.487 GC heap after
{Heap after GC invocations=4 (full 0):
 garbage-first heap   total 57344K, used 10774K [0x00000000c8800000, 0x0000000100000000)
  region size 1024K, 3 young (3072K), 3 survivors (3072K)
 Metaspace       used 17328K, committed 17600K, reserved 1114112K
  class space    used 2318K, committed 2432K, reserved 1048576K
}
Event: 12.599 GC heap before
{Heap before GC invocations=4 (full 0):
 garbage-first heap   total 57344K, used 38422K [0x00000000c8800000, 0x0000000100000000)
  region size 1024K, 30 young (30720K), 3 survivors (3072K)
 Metaspace       used 20021K, committed 20352K, reserved 1114112K
  class space    used 2696K, committed 2816K, reserved 1048576K
}
Event: 12.611 GC heap after
{Heap after GC invocations=5 (full 0):
 garbage-first heap   total 57344K, used 12618K [0x00000000c8800000, 0x0000000100000000)
  region size 1024K, 4 young (4096K), 4 survivors (4096K)
 Metaspace       used 20021K, committed 20352K, reserved 1114112K
  class space    used 2696K, committed 2816K, reserved 1048576K
}

